<?xml version="1.0" encoding="UTF-8" ?>
<testsuites id="2026-03-21" name="report_5" tests="2" failures="0" skipped="0" flaky="0" time="0.000">
	<testsuite id="0" name="test_dummy" package="test" timestamp="2026-03-21T18:56:44" hostname="localhost" tests="1" failures="0" errors="0" skipped="0" flaky="0" time="0.013">
		<testcase name="test_pipeline_is_working" classname="test_dummy" time="0.005">
		</testcase>
	</testsuite>
	<testsuite id="1" name="test_fake_world" package="test" timestamp="2026-03-21T18:56:44" hostname="localhost" tests="1" failures="0" errors="0" skipped="0" flaky="0" time="0.037">
		<testcase name="test_generate_palette_from_image" classname="test_fake_world" time="0.030">
		</testcase>
	</testsuite>
</testsuites>
